<?xml version="1.0" encoding="UTF-8" ?>
<testsuite tests="117" failures="0" name="step_Definitions.RunnerTest" time="0.033" errors="0" skipped="0">
  <properties>
    <property name="java.runtime.name" value="Java(TM) SE Runtime Environment"/>
    <property name="sun.boot.library.path" value="C:\Program Files\Java\jdk1.8.0_151\jre\bin"/>
    <property name="java.vm.version" value="25.151-b12"/>
    <property name="user.country.format" value="GB"/>
    <property name="java.vm.vendor" value="Oracle Corporation"/>
    <property name="maven.multiModuleProjectDirectory" value="C:/Selenium/Jakob/JosephFramework"/>
    <property name="java.vendor.url" value="http://java.oracle.com/"/>
    <property name="path.separator" value=";"/>
    <property name="guice.disable.misplaced.annotation.check" value="true"/>
    <property name="java.vm.name" value="Java HotSpot(TM) 64-Bit Server VM"/>
    <property name="file.encoding.pkg" value="sun.io"/>
    <property name="user.script" value=""/>
    <property name="user.country" value="DE"/>
    <property name="sun.java.launcher" value="SUN_STANDARD"/>
    <property name="sun.os.patch.level" value=""/>
    <property name="java.vm.specification.name" value="Java Virtual Machine Specification"/>
    <property name="user.dir" value="C:\Selenium\Jakob\JosephFramework"/>
    <property name="java.runtime.version" value="1.8.0_151-b12"/>
    <property name="java.awt.graphicsenv" value="sun.awt.Win32GraphicsEnvironment"/>
    <property name="java.endorsed.dirs" value="C:\Program Files\Java\jdk1.8.0_151\jre\lib\endorsed"/>
    <property name="os.arch" value="amd64"/>
    <property name="java.io.tmpdir" value="C:\Users\Jakob\AppData\Local\Temp\"/>
    <property name="line.separator" value="
"/>
    <property name="java.vm.specification.vendor" value="Oracle Corporation"/>
    <property name="user.variant" value=""/>
    <property name="os.name" value="Windows 8.1"/>
    <property name="classworlds.conf" value="C:/Program Files/Maven/apache-maven-3.5.2/bin/m2.conf"/>
    <property name="sun.jnu.encoding" value="Cp1252"/>
    <property name="java.library.path" value="C:\Program Files\Java\jdk1.8.0_151\bin;C:\Windows\Sun\Java\bin;C:\Windows\system32;C:\Windows;C:\Users\Jakob\bin;C:\Program Files\Git\mingw64\bin;C:\Program Files\Git\usr\local\bin;C:\Program Files\Git\usr\bin;C:\Program Files\Git\usr\bin;C:\Program Files\Git\mingw64\bin;C:\Program Files\Git\usr\bin;C:\Users\Jakob\bin;C:\ProgramData\Oracle\Java\javapath;C:\Program Files (x86)\Intel\iCLS Client;C:\Program Files\Intel\iCLS Client;C:\Windows\system32;C:\Windows;C:\Windows\System32\Wbem;C:\Windows\System32\WindowsPowerShell\v1.0;C:\Program Files\Intel\Intel(R) Management Engine Components\DAL;C:\Program Files\Intel\Intel(R) Management Engine Components\IPT;C:\Program Files (x86)\Intel\Intel(R) Management Engine Components\DAL;C:\Program Files (x86)\Intel\Intel(R) Management Engine Components\IPT;C:\Program Files (x86)\ATI Technologies\ATI.ACE\Core-Static;C:\Program Files\Acer\Remote Files\C;C:\Program Files\Git\Program Files\Maven\apache-maven-3.5.2\bin;C:\Program Files\Maven\apache-maven-3.5.2\bin;C:\Program Files\Git\cmd;C:\Program Files\Git\usr\bin\vendor_perl;C:\Program Files\Git\usr\bin\core_perl;."/>
    <property name="jansi.passthrough" value="true"/>
    <property name="maven.conf" value="C:/Program Files/Maven/apache-maven-3.5.2/conf"/>
    <property name="java.specification.name" value="Java Platform API Specification"/>
    <property name="java.class.version" value="52.0"/>
    <property name="sun.management.compiler" value="HotSpot 64-Bit Tiered Compilers"/>
    <property name="os.version" value="6.3"/>
    <property name="library.jansi.path" value="C:/Program Files/Maven/apache-maven-3.5.2/lib/jansi-native"/>
    <property name="user.home" value="C:\Users\Jakob"/>
    <property name="user.timezone" value="Europe/Berlin"/>
    <property name="java.awt.printerjob" value="sun.awt.windows.WPrinterJob"/>
    <property name="java.specification.version" value="1.8"/>
    <property name="file.encoding" value="Cp1252"/>
    <property name="user.name" value="Jakob"/>
    <property name="java.class.path" value="C:/Program Files/Maven/apache-maven-3.5.2/boot/plexus-classworlds-2.5.2.jar"/>
    <property name="java.vm.specification.version" value="1.8"/>
    <property name="sun.arch.data.model" value="64"/>
    <property name="java.home" value="C:\Program Files\Java\jdk1.8.0_151\jre"/>
    <property name="sun.java.command" value="org.codehaus.plexus.classworlds.launcher.Launcher test"/>
    <property name="java.specification.vendor" value="Oracle Corporation"/>
    <property name="user.language" value="de"/>
    <property name="user.language.format" value="en"/>
    <property name="awt.toolkit" value="sun.awt.windows.WToolkit"/>
    <property name="java.vm.info" value="mixed mode"/>
    <property name="java.version" value="1.8.0_151"/>
    <property name="java.ext.dirs" value="C:\Program Files\Java\jdk1.8.0_151\jre\lib\ext;C:\Windows\Sun\Java\lib\ext"/>
    <property name="sun.boot.class.path" value="C:\Program Files\Java\jdk1.8.0_151\jre\lib\resources.jar;C:\Program Files\Java\jdk1.8.0_151\jre\lib\rt.jar;C:\Program Files\Java\jdk1.8.0_151\jre\lib\sunrsasign.jar;C:\Program Files\Java\jdk1.8.0_151\jre\lib\jsse.jar;C:\Program Files\Java\jdk1.8.0_151\jre\lib\jce.jar;C:\Program Files\Java\jdk1.8.0_151\jre\lib\charsets.jar;C:\Program Files\Java\jdk1.8.0_151\jre\lib\jfr.jar;C:\Program Files\Java\jdk1.8.0_151\jre\classes"/>
    <property name="java.vendor" value="Oracle Corporation"/>
    <property name="maven.home" value="C:\Program Files\Maven\apache-maven-3.5.2"/>
    <property name="file.separator" value="\"/>
    <property name="java.vendor.url.bug" value="http://bugreport.sun.com/bugreport/"/>
    <property name="sun.cpu.endian" value="little"/>
    <property name="sun.io.unicode.encoding" value="UnicodeLittle"/>
    <property name="sun.desktop" value="windows"/>
    <property name="sun.cpu.isalist" value="amd64"/>
  </properties>
  <testcase classname="Scenario: " name="Given Am on the home page" time="0.003"/>
  <testcase classname="Scenario: " name="And I click on my account link" time="0"/>
  <testcase classname="Scenario: " name="And I see a welcome message displayed" time="0"/>
  <testcase classname="Scenario: " name="When I entered valid email in the text field" time="0"/>
  <testcase classname="Scenario: " name="And I entered correct password field" time="0"/>
  <testcase classname="Scenario: " name="And I click on the signin button" time="0.001"/>
  <testcase classname="Scenario: " name="Scenario: " time="0.002"/>
  <testcase classname="Scenario: " name="Given Am on the home page" time="0"/>
  <testcase classname="Scenario: " name="And I click on my account link" time="0.001"/>
  <testcase classname="Scenario: " name="And I see a welcome message displayed" time="0"/>
  <testcase classname="Scenario: " name="When I click on hardware and I selected the product" time="0.001"/>
  <testcase classname="Scenario: " name="And I added this to cart" time="0"/>
  <testcase classname="Scenario: " name="And I click checkout button" time="0"/>
  <testcase classname="Scenario: " name="Scenario: " time="0.001"/>
  <testcase classname="| testof682@yahoo.com | Password27 |" name="Given Am on the home page" time="0"/>
  <testcase classname="| testof682@yahoo.com | Password27 |" name="And I click on my account link" time="0"/>
  <testcase classname="| testof682@yahoo.com | Password27 |" name="And I see a welcome message displayed" time="0"/>
  <testcase classname="| testof682@yahoo.com | Password27 |" name="And I entered valid &quot;testof682@yahoo.com&quot; email in the text field" time="0"/>
  <testcase classname="| testof682@yahoo.com | Password27 |" name="And I entered correct &quot;Password27&quot; password field" time="0"/>
  <testcase classname="| testof682@yahoo.com | Password27 |" name="And I click on the signin button" time="0"/>
  <testcase classname="| testof682@yahoo.com | Password27 |" name="Then I verify that I am logged in" time="0"/>
  <testcase classname="| testof682@yahoo.com | Password27 |" name="And I log out" time="0"/>
  <testcase classname="| testof682@yahoo.com | Password27 |" name="And I close the browser" time="0"/>
  <testcase classname="| testof682@yahoo.com | Password27 |" name="| testof682@yahoo.com | Password27 |" time="0.001"/>
  <testcase classname="| testof742@yahoo.com | Password325 |" name="Given Am on the home page" time="0"/>
  <testcase classname="| testof742@yahoo.com | Password325 |" name="And I click on my account link" time="0.001"/>
  <testcase classname="| testof742@yahoo.com | Password325 |" name="And I see a welcome message displayed" time="0"/>
  <testcase classname="| testof742@yahoo.com | Password325 |" name="And I entered valid &quot;testof742@yahoo.com&quot; email in the text field" time="0"/>
  <testcase classname="| testof742@yahoo.com | Password325 |" name="And I entered correct &quot;Password325&quot; password field" time="0"/>
  <testcase classname="| testof742@yahoo.com | Password325 |" name="And I click on the signin button" time="0"/>
  <testcase classname="| testof742@yahoo.com | Password325 |" name="Then I verify that I am logged in" time="0"/>
  <testcase classname="| testof742@yahoo.com | Password325 |" name="And I log out" time="0"/>
  <testcase classname="| testof742@yahoo.com | Password325 |" name="And I close the browser" time="0"/>
  <testcase classname="| testof742@yahoo.com | Password325 |" name="| testof742@yahoo.com | Password325 |" time="0"/>
  <testcase classname="| testof173@yahoo.com | Password325 |" name="Given Am on the home page" time="0"/>
  <testcase classname="| testof173@yahoo.com | Password325 |" name="And I click on my account link" time="0"/>
  <testcase classname="| testof173@yahoo.com | Password325 |" name="And I see a welcome message displayed" time="0"/>
  <testcase classname="| testof173@yahoo.com | Password325 |" name="And I entered valid &quot;testof173@yahoo.com&quot; email in the text field" time="0"/>
  <testcase classname="| testof173@yahoo.com | Password325 |" name="And I entered correct &quot;Password325&quot; password field" time="0"/>
  <testcase classname="| testof173@yahoo.com | Password325 |" name="And I click on the signin button" time="0"/>
  <testcase classname="| testof173@yahoo.com | Password325 |" name="Then I verify that I am logged in" time="0"/>
  <testcase classname="| testof173@yahoo.com | Password325 |" name="And I log out" time="0"/>
  <testcase classname="| testof173@yahoo.com | Password325 |" name="And I close the browser" time="0"/>
  <testcase classname="| testof173@yahoo.com | Password325 |" name="| testof173@yahoo.com | Password325 |" time="0"/>
  <testcase classname="| tesf778@hotmail.com | Password27 |" name="Given Am on the home page" time="0"/>
  <testcase classname="| tesf778@hotmail.com | Password27 |" name="And I click on my account link" time="0"/>
  <testcase classname="| tesf778@hotmail.com | Password27 |" name="And I see a welcome message displayed" time="0"/>
  <testcase classname="| tesf778@hotmail.com | Password27 |" name="When I entered wrong &quot;tesf778@hotmail.com&quot; address in the email text field" time="0"/>
  <testcase classname="| tesf778@hotmail.com | Password27 |" name="And I input invalid &quot;Password27&quot; password or blank password" time="0"/>
  <testcase classname="| tesf778@hotmail.com | Password27 |" name="And I click the signIn button" time="0"/>
  <testcase classname="| tesf778@hotmail.com | Password27 |" name="Then I should see error message displayed" time="0"/>
  <testcase classname="| tesf778@hotmail.com | Password27 |" name="And I log out" time="0"/>
  <testcase classname="| tesf778@hotmail.com | Password27 |" name="| tesf778@hotmail.com | Password27 |" time="0"/>
  <testcase classname="|  | Password325 |" name="Given Am on the home page" time="0"/>
  <testcase classname="|  | Password325 |" name="And I click on my account link" time="0"/>
  <testcase classname="|  | Password325 |" name="And I see a welcome message displayed" time="0"/>
  <testcase classname="|  | Password325 |" name="When I entered wrong &quot;&quot; address in the email text field" time="0"/>
  <testcase classname="|  | Password325 |" name="And I input invalid &quot;Password325&quot; password or blank password" time="0"/>
  <testcase classname="|  | Password325 |" name="And I click the signIn button" time="0"/>
  <testcase classname="|  | Password325 |" name="Then I should see error message displayed" time="0"/>
  <testcase classname="|  | Password325 |" name="And I log out" time="0"/>
  <testcase classname="|  | Password325 |" name="|  | Password325 |" time="0.003"/>
  <testcase classname="| testof682@yahoo.com | paswork325 |" name="Given Am on the home page" time="0"/>
  <testcase classname="| testof682@yahoo.com | paswork325 |" name="And I click on my account link" time="0"/>
  <testcase classname="| testof682@yahoo.com | paswork325 |" name="And I see a welcome message displayed" time="0"/>
  <testcase classname="| testof682@yahoo.com | paswork325 |" name="When I entered wrong &quot;testof682@yahoo.com&quot; address in the email text field" time="0"/>
  <testcase classname="| testof682@yahoo.com | paswork325 |" name="And I input invalid &quot;paswork325&quot; password or blank password" time="0"/>
  <testcase classname="| testof682@yahoo.com | paswork325 |" name="And I click the signIn button" time="0"/>
  <testcase classname="| testof682@yahoo.com | paswork325 |" name="Then I should see error message displayed" time="0.001"/>
  <testcase classname="| testof682@yahoo.com | paswork325 |" name="And I log out" time="0"/>
  <testcase classname="| testof682@yahoo.com | paswork325 |" name="| testof682@yahoo.com | paswork325 |" time="0.001"/>
  <testcase classname="| testof173@yahoo.com |  |" name="Given Am on the home page" time="0"/>
  <testcase classname="| testof173@yahoo.com |  |" name="And I click on my account link" time="0"/>
  <testcase classname="| testof173@yahoo.com |  |" name="And I see a welcome message displayed" time="0"/>
  <testcase classname="| testof173@yahoo.com |  |" name="When I entered wrong &quot;testof173@yahoo.com&quot; address in the email text field" time="0"/>
  <testcase classname="| testof173@yahoo.com |  |" name="And I input invalid &quot;&quot; password or blank password" time="0"/>
  <testcase classname="| testof173@yahoo.com |  |" name="And I click the signIn button" time="0"/>
  <testcase classname="| testof173@yahoo.com |  |" name="Then I should see error message displayed" time="0"/>
  <testcase classname="| testof173@yahoo.com |  |" name="And I log out" time="0"/>
  <testcase classname="| testof173@yahoo.com |  |" name="| testof173@yahoo.com |  |" time="0"/>
  <testcase classname="Scenario: " name="Given Am on the home page" time="0"/>
  <testcase classname="Scenario: " name="And I click on my account link" time="0"/>
  <testcase classname="Scenario: " name="And I see a welcome message displayed" time="0"/>
  <testcase classname="Scenario: " name="When I click the continue button" time="0"/>
  <testcase classname="Scenario: " name="And I filled the mandatory fields to register" time="0"/>
  <testcase classname="Scenario: " name="And I click continue after filling the mandatory fieds" time="0"/>
  <testcase classname="Scenario: " name="Then I should be logged in" time="0"/>
  <testcase classname="Scenario: " name="And I log out" time="0"/>
  <testcase classname="Scenario: " name="Scenario: " time="0.015"/>
  <testcase classname="| samsung |" name="Given Am on the home page" time="0"/>
  <testcase classname="| samsung |" name="And I click on my account link" time="0"/>
  <testcase classname="| samsung |" name="And I see a welcome message displayed" time="0"/>
  <testcase classname="| samsung |" name="And I type &quot;samsung&quot; in the search widget" time="0"/>
  <testcase classname="| samsung |" name="And I click search Icon" time="0"/>
  <testcase classname="| samsung |" name="Then I see search product displayed" time="0"/>
  <testcase classname="| samsung |" name="| samsung |" time="0"/>
  <testcase classname="| DVD |" name="Given Am on the home page" time="0"/>
  <testcase classname="| DVD |" name="And I click on my account link" time="0"/>
  <testcase classname="| DVD |" name="And I see a welcome message displayed" time="0"/>
  <testcase classname="| DVD |" name="And I type &quot;DVD&quot; in the search widget" time="0"/>
  <testcase classname="| DVD |" name="And I click search Icon" time="0"/>
  <testcase classname="| DVD |" name="Then I see search product displayed" time="0"/>
  <testcase classname="| DVD |" name="| DVD |" time="0.001"/>
  <testcase classname="| CD |" name="Given Am on the home page" time="0"/>
  <testcase classname="| CD |" name="And I click on my account link" time="0"/>
  <testcase classname="| CD |" name="And I see a welcome message displayed" time="0"/>
  <testcase classname="| CD |" name="And I type &quot;CD&quot; in the search widget" time="0"/>
  <testcase classname="| CD |" name="And I click search Icon" time="0"/>
  <testcase classname="| CD |" name="Then I see search product displayed" time="0"/>
  <testcase classname="| CD |" name="| CD |" time="0.001"/>
  <testcase classname="| Mouse |" name="Given Am on the home page" time="0"/>
  <testcase classname="| Mouse |" name="And I click on my account link" time="0"/>
  <testcase classname="| Mouse |" name="And I see a welcome message displayed" time="0"/>
  <testcase classname="| Mouse |" name="And I type &quot;Mouse&quot; in the search widget" time="0"/>
  <testcase classname="| Mouse |" name="And I click search Icon" time="0"/>
  <testcase classname="| Mouse |" name="Then I see search product displayed" time="0"/>
  <testcase classname="| Mouse |" name="| Mouse |" time="0"/>
</testsuite>